E:\工作\CLUSTER\DEBUG\CLUSTER_DEBUG.LIB
E:\工作\CLUSTER\LIB\DEBUG\LBFGS.OBJ
E:\工作\CLUSTER\LIB\DEBUG\VC100.PDB
E:\学校\程序\CLUSTER20150816\DEBUG\CLUSTER_DEBUG.LIB
E:\学校\程序\CLUSTER20150816\LIB\DEBUG\LBFGS.OBJ
E:\学校\程序\CLUSTER20150816\LIB\DEBUG\VC100.PDB
E:\学校\程序\GitHub\cluster\Cluster\Debug\Cluster_debug.lib
E:\学校\程序\GitHub\cluster\Cluster\lib\Debug\cl.command.1.tlog
E:\学校\程序\GitHub\cluster\Cluster\lib\Debug\CL.read.1.tlog
E:\学校\程序\GitHub\cluster\Cluster\lib\Debug\CL.write.1.tlog
E:\学校\程序\GitHub\cluster\Cluster\lib\Debug\lbfgs.obj
E:\学校\程序\GitHub\cluster\Cluster\lib\Debug\lib.command.1.tlog
E:\学校\程序\GitHub\cluster\Cluster\lib\Debug\lib.vcxprojResolveAssemblyReference.cache
E:\学校\程序\GitHub\cluster\Cluster\lib\Debug\lib.write.1.tlog
E:\学校\程序\GitHub\cluster\Cluster\lib\Debug\Lib-link.read.1.tlog
E:\学校\程序\GitHub\cluster\Cluster\lib\Debug\Lib-link.write.1.tlog
E:\学校\程序\GitHub\cluster\Cluster\lib\Debug\vc100.idb
E:\学校\程序\GitHub\cluster\Cluster\lib\Debug\vc100.pdb
E:\学校\郑骥文\毕业设计\程序\CLUSTER20151109\CLUSTER\DEBUG\CLUSTER_DEBUG.LIB
E:\学校\郑骥文\毕业设计\程序\CLUSTER20151109\CLUSTER\LIB\DEBUG\LBFGS.OBJ
E:\学校\郑骥文\毕业设计\程序\CLUSTER20151109\CLUSTER\LIB\DEBUG\VC100.PDB
