生成启动时间为 2015/12/20 23:21:38。
     1>项目“E:\学校\程序\GitHub\cluster\Cluster\Cluster\Cluster.vcxproj”在节点 2 上(rebuild 个目标)。
     1>_PrepareForClean:
         正在删除文件“Debug\Cluster.lastbuildstate”。
       InitializeBuildStatus:
         正在创建“Debug\Cluster.unsuccessfulbuild”，因为已指定“AlwaysCreate”。
       ClCompile:
         D:\Program Files\Microsoft Visual Studio 10.0\VC\bin\CL.exe /c /I"E:\学校\程序\GitHub\cluster\Cluster\include" /ZI /nologo /W3 /WX- /Od /Oy- /D WIN32 /D _DEBUG /D _CONSOLE /D _UNICODE /D UNICODE /Gm /EHsc /RTC1 /MDd /GS /fp:precise /Zc:wchar_t /Zc:forScope /Yc"StdAfx.h" /Fp"Debug\Cluster.pch" /Fo"Debug\\" /Fd"Debug\vc100.pdb" /Gd /TP /analyze- /errorReport:prompt stdafx.cpp
         stdafx.cpp
         D:\Program Files\Microsoft Visual Studio 10.0\VC\bin\CL.exe /c /I"E:\学校\程序\GitHub\cluster\Cluster\include" /ZI /nologo /W3 /WX- /Od /Oy- /D WIN32 /D _DEBUG /D _CONSOLE /D _UNICODE /D UNICODE /Gm /EHsc /RTC1 /MDd /GS /fp:precise /Zc:wchar_t /Zc:forScope /Yu"StdAfx.h" /Fp"Debug\Cluster.pch" /Fo"Debug\\" /Fd"Debug\vc100.pdb" /Gd /TP /analyze- /errorReport:prompt AlgorithmParameters.cpp Atom.cpp BaseTool.cpp BHBaseAlgorithm.cpp BHBaseClusters.cpp BHBaseParameters.cpp Cluster.cpp Clusters.cpp DEBaseAlgorithm.cpp DEBaseClusters.cpp DEBaseParameters.cpp FSPotentialEnergy.cpp GuptaPotentialEnergy.cpp LJPotentialEnergy.cpp LocalTool.cpp PotentialEnergy.cpp
         PotentialEnergy.cpp
     1>e:\学校\程序\github\cluster\cluster\cluster\potentialenergy.cpp(12): warning C4172: 返回局部变量或临时变量的地址
     1>e:\学校\程序\github\cluster\cluster\cluster\potentialenergy.cpp(14): warning C4172: 返回局部变量或临时变量的地址
     1>e:\学校\程序\github\cluster\cluster\cluster\potentialenergy.cpp(16): warning C4172: 返回局部变量或临时变量的地址
     1>e:\学校\程序\github\cluster\cluster\cluster\potentialenergy.cpp(18): warning C4172: 返回局部变量或临时变量的地址
     1>e:\学校\程序\github\cluster\cluster\cluster\potentialenergy.cpp(28): warning C4172: 返回局部变量或临时变量的地址
     1>e:\学校\程序\github\cluster\cluster\cluster\potentialenergy.cpp(30): warning C4172: 返回局部变量或临时变量的地址
         LocalTool.cpp
         LJPotentialEnergy.cpp
         GuptaPotentialEnergy.cpp
     1>e:\学校\程序\github\cluster\cluster\cluster\guptapotentialenergy.cpp(38): warning C4172: 返回局部变量或临时变量的地址
     1>e:\学校\程序\github\cluster\cluster\cluster\guptapotentialenergy.cpp(48): warning C4172: 返回局部变量或临时变量的地址
         FSPotentialEnergy.cpp
     1>e:\学校\程序\github\cluster\cluster\cluster\fspotentialenergy.cpp(26): warning C4172: 返回局部变量或临时变量的地址
     1>e:\学校\程序\github\cluster\cluster\cluster\fspotentialenergy.cpp(31): warning C4172: 返回局部变量或临时变量的地址
         DEBaseParameters.cpp
         DEBaseClusters.cpp
         DEBaseAlgorithm.cpp
         Clusters.cpp
         Cluster.cpp
         BHBaseParameters.cpp
         BHBaseClusters.cpp
         BHBaseAlgorithm.cpp
         BaseTool.cpp
         Atom.cpp
         AlgorithmParameters.cpp
         正在生成代码...
       ResourceCompile:
         C:\Program Files\Microsoft SDKs\Windows\v7.0A\bin\rc.exe /D _UNICODE /D UNICODE /l"0x0409" /nologo /fo"Debug\Cluster.res" Cluster.rc 
       ManifestResourceCompile:
         C:\Program Files\Microsoft SDKs\Windows\v7.0A\bin\rc.exe /nologo /fo"Debug\Cluster.exe.embed.manifest.res" Debug\Cluster_manifest.rc 
       Link:
         D:\Program Files\Microsoft Visual Studio 10.0\VC\bin\link.exe /ERRORREPORT:PROMPT /OUT:"E:\学校\程序\GitHub\cluster\Cluster\Debug\Cluster.exe" /INCREMENTAL /NOLOGO kernel32.lib user32.lib gdi32.lib winspool.lib comdlg32.lib advapi32.lib shell32.lib ole32.lib oleaut32.lib uuid.lib odbc32.lib odbccp32.lib /MANIFEST /ManifestFile:"Debug\Cluster.exe.intermediate.manifest" /MANIFESTUAC:"level='asInvoker' uiAccess='false'" /DEBUG /PDB:"E:\学校\程序\GitHub\cluster\Cluster\Debug\Cluster.pdb" /SUBSYSTEM:CONSOLE /TLBID:1 /DYNAMICBASE /NXCOMPAT /IMPLIB:"E:\学校\程序\GitHub\cluster\Cluster\Debug\Cluster.lib" /MACHINE:X86 Debug\Cluster.res
         Debug\Cluster.exe.embed.manifest.res
         Debug\AlgorithmParameters.obj
         Debug\Atom.obj
         Debug\BaseTool.obj
         Debug\BHBaseAlgorithm.obj
         Debug\BHBaseClusters.obj
         Debug\BHBaseParameters.obj
         Debug\Cluster.obj
         Debug\Clusters.obj
         Debug\DEBaseAlgorithm.obj
         Debug\DEBaseClusters.obj
         Debug\DEBaseParameters.obj
         Debug\FSPotentialEnergy.obj
         Debug\GuptaPotentialEnergy.obj
         Debug\LJPotentialEnergy.obj
         Debug\LocalTool.obj
         Debug\PotentialEnergy.obj
         Debug\stdafx.obj
       Manifest:
         正在删除文件“Debug\Cluster.exe.embed.manifest”。
         C:\Program Files\Microsoft SDKs\Windows\v7.0A\bin\mt.exe /nologo /verbose /out:"Debug\Cluster.exe.embed.manifest" /manifest Debug\Cluster.exe.intermediate.manifest
         C:\Program Files\Microsoft SDKs\Windows\v7.0A\bin\rc.exe /nologo /fo"Debug\Cluster.exe.embed.manifest.res" Debug\Cluster_manifest.rc 
       LinkEmbedManifest:
         D:\Program Files\Microsoft Visual Studio 10.0\VC\bin\link.exe /ERRORREPORT:PROMPT /OUT:"E:\学校\程序\GitHub\cluster\Cluster\Debug\Cluster.exe" /INCREMENTAL /NOLOGO kernel32.lib user32.lib gdi32.lib winspool.lib comdlg32.lib advapi32.lib shell32.lib ole32.lib oleaut32.lib uuid.lib odbc32.lib odbccp32.lib /MANIFEST /ManifestFile:"Debug\Cluster.exe.intermediate.manifest" /MANIFESTUAC:"level='asInvoker' uiAccess='false'" /DEBUG /PDB:"E:\学校\程序\GitHub\cluster\Cluster\Debug\Cluster.pdb" /SUBSYSTEM:CONSOLE /TLBID:1 /DYNAMICBASE /NXCOMPAT /IMPLIB:"E:\学校\程序\GitHub\cluster\Cluster\Debug\Cluster.lib" /MACHINE:X86 Debug\Cluster.res
         Debug\Cluster.exe.embed.manifest.res
         Debug\AlgorithmParameters.obj
         Debug\Atom.obj
         Debug\BaseTool.obj
         Debug\BHBaseAlgorithm.obj
         Debug\BHBaseClusters.obj
         Debug\BHBaseParameters.obj
         Debug\Cluster.obj
         Debug\Clusters.obj
         Debug\DEBaseAlgorithm.obj
         Debug\DEBaseClusters.obj
         Debug\DEBaseParameters.obj
         Debug\FSPotentialEnergy.obj
         Debug\GuptaPotentialEnergy.obj
         Debug\LJPotentialEnergy.obj
         Debug\LocalTool.obj
         Debug\PotentialEnergy.obj
         Debug\stdafx.obj
         Cluster.vcxproj -> E:\学校\程序\GitHub\cluster\Cluster\Debug\Cluster.exe
       FinalizeBuildStatus:
         正在删除文件“Debug\Cluster.unsuccessfulbuild”。
         正在对“Debug\Cluster.lastbuildstate”执行 Touch 任务。
     1>已完成生成项目“E:\学校\程序\GitHub\cluster\Cluster\Cluster\Cluster.vcxproj”(rebuild 个目标)的操作。

生成成功。

已用时间 00:00:04.46
